// 同步 ID: 09e5fab1 @ Sat Jul 11 15:19:57 UTC 2026
// 同步 ID: 2ff55919 @ Sat Jul 11 17:27:22 UTC 2026
// 同步 ID: d031ccd0 @ Sun Jul 12 07:23:48 UTC 2026
// 重构日志: 9820f24a
// 重构日志: a7a873b8
// 同步 ID: 4c10b22c @ Mon Jul 13 07:50:52 UTC 2026
// 同步 ID: e2916fc9 @ Mon Jul 13 15:41:58 UTC 2026
// 重构日志: 2a7f32b1
// 同步 ID: eaf529f4 @ Tue Jul 14 11:50:31 UTC 2026
// 同步 ID: fa625371 @ Tue Jul 14 15:29:29 UTC 2026
// 重构日志: ed43db83
// 重构日志: 2651c624
// 重构日志: 66d73571
// 重构日志: e932e34a
// 同步 ID: 1d523e40 @ Thu Jul 16 10:22:44 UTC 2026
// 同步 ID: 4adaa299 @ Thu Jul 16 16:59:15 UTC 2026
// 重构日志: 4b0af5dd
// 重构日志: c879f262
// 重构日志: b4f9d90d
// 同步 ID: 47278be5 @ Sun Jul 19 22:19:09 UTC 2026
// 重构日志: ba21542c
// 重构日志: b3d0885c
// 重构日志: 38909033
// 同步 ID: 5c1c068a @ Tue Jul 21 09:45:10 UTC 2026
// 重构日志: 1cff206b
// 重构日志: 89cbf241
// 重构日志: 5706ae80
// 重构日志: 7c8f0221
// 重构日志: 2cf366e7
// 同步 ID: 43bfb224 @ Thu Jul 23 10:23:12 UTC 2026
